name:g1
['g1', ['p1', ['c1']]]
['g1']
========================
name:g2
['g2', ['p1', ['c1']]]
['g2']
========================
name:g3
['g3', ['p2', ['c1']], ['p3']]
['g3']
========================
name:g4
['g4', ['p2', ['c1']], ['p3']]
['g4']
========================
name:p1
['p1', ['c1']]
['p1', ['g1'], ['g2']]
========================
name:p2
['p2', ['c1']]
['p2', ['g3'], ['g4']]
========================
name:p3
['p3']
['p3', ['g3'], ['g4']]
========================
name:c1
['c1']
['c1', ['p1', ['g1'], ['g2']], ['p2', ['g3'], ['g4']]]
========================