name:g1
['g1', ['p1', ['c1'], ['c2'], ['c3']]]
['g1']
========================
name:g2
['g2', ['p1', ['c1'], ['c2'], ['c3']]]
['g2']
========================
name:g3
['g3', ['p2', ['c1'], ['c2'], ['c3']], ['p3', ['c4']]]
['g3']
========================
name:g4
['g4', ['p2', ['c1'], ['c2'], ['c3']], ['p3', ['c4']]]
['g4']
========================
name:g5
['g5', ['p4', ['c4']], ['p5']]
['g5']
========================
name:g6
['g6', ['p4', ['c4']], ['p5']]
['g6']
========================
name:p1
['p1', ['c1'], ['c2'], ['c3']]
['p1', ['g1'], ['g2']]
========================
name:p2
['p2', ['c1'], ['c2'], ['c3']]
['p2', ['g3'], ['g4']]
========================
name:p3
['p3', ['c4']]
['p3', ['g3'], ['g4']]
========================
name:p4
['p4', ['c4']]
['p4', ['g5'], ['g6']]
========================
name:p5
['p5']
['p5', ['g5'], ['g6']]
========================
name:c1
['c1']
['c1', ['p1', ['g1'], ['g2']], ['p2', ['g3'], ['g4']]]
========================
name:c2
['c2']
['c2', ['p1', ['g1'], ['g2']], ['p2', ['g3'], ['g4']]]
========================
name:c3
['c3']
['c3', ['p1', ['g1'], ['g2']], ['p2', ['g3'], ['g4']]]
========================
name:c4
['c4']
['c4', ['p3', ['g3'], ['g4']], ['p4', ['g5'], ['g6']]]
========================