name:gg1
['gg1', ['g2', ['p1', ['c1']]], ['g3', ['p3', ['c2']]], ['p2', ['c1']]]
['gg1']
========================
name:gg2
['gg2', ['g2', ['p1', ['c1']]], ['g3', ['p3', ['c2']]], ['p2', ['c1']]]
['gg2']
========================
name:gg3
['gg3', ['g4', ['p3', ['c2']]]]
['gg3']
========================
name:gg4
['gg4', ['g4', ['p3', ['c2']]]]
['gg4']
========================
name:g1
['g1', ['p1', ['c1']]]
['g1']
========================
name:g2
['g2', ['p1', ['c1']]]
['g2', ['gg1'], ['gg2']]
========================
name:g3
['g3', ['p3', ['c2']]]
['g3', ['gg1'], ['gg2']]
========================
name:g4
['g4', ['p3', ['c2']]]
['g4', ['gg3'], ['gg4']]
========================
name:p1
['p1', ['c1']]
['p1', ['g1'], ['g2', ['gg1'], ['gg2']]]
========================
name:p2
['p2', ['c1']]
['p2', ['gg1'], ['gg2']]
========================
name:p3
['p3', ['c2']]
['p3', ['g3', ['gg1'], ['gg2']], ['g4', ['gg3'], ['gg4']]]
========================
name:p4
['p4', ['c2']]
['p4']
========================
name:c1
['c1']
['c1', ['p1', ['g1'], ['g2', ['gg1'], ['gg2']]], ['p2', ['gg1'], ['gg2']]]
========================
name:c2
['c2']
['c2', ['p3', ['g3', ['gg1'], ['gg2']], ['g4', ['gg3'], ['gg4']]], ['p4']]
========================